{"numFailedTestSuites":6,"numFailedTests":2,"numPassedTestSuites":1,"numPassedTests":4,"numPendingTestSuites":0,"numPendingTests":0,"numRuntimeErrorTestSuites":4,"numTodoTests":0,"numTotalTestSuites":7,"numTotalTests":6,"openHandles":[],"snapshot":{"added":0,"didUpdate":false,"failure":false,"filesAdded":0,"filesRemoved":0,"filesRemovedList":[],"filesUnmatched":0,"filesUpdated":0,"matched":0,"total":0,"unchecked":0,"uncheckedKeysByFile":[],"unmatched":0,"updated":0},"startTime":1745577804112,"success":false,"testResults":[{"assertionResults":[],"coverage":{},"endTime":1745577809504,"message":"  \u001b[1m● \u001b[22mTest suite failed to run\n\n    Cannot find module '../api' from 'src/Testing/components/RegLog.test.tsx'\n\n    \u001b[0m \u001b[90m  5 |\u001b[39m \u001b[36mimport\u001b[39m \u001b[32m'@testing-library/jest-dom'\u001b[39m\u001b[33m;\u001b[39m\n     \u001b[90m  6 |\u001b[39m\n    \u001b[31m\u001b[1m>\u001b[22m\u001b[39m\u001b[90m  7 |\u001b[39m jest\u001b[33m.\u001b[39mmock(\u001b[32m'../api'\u001b[39m\u001b[33m,\u001b[39m () \u001b[33m=>\u001b[39m ({\n     \u001b[90m    |\u001b[39m      \u001b[31m\u001b[1m^\u001b[22m\u001b[39m\n     \u001b[90m  8 |\u001b[39m   register\u001b[33m:\u001b[39m jest\u001b[33m.\u001b[39mfn()\u001b[33m,\u001b[39m\n     \u001b[90m  9 |\u001b[39m   login\u001b[33m:\u001b[39m jest\u001b[33m.\u001b[39mfn()\u001b[33m,\u001b[39m\n     \u001b[90m 10 |\u001b[39m }))\u001b[33m;\u001b[39m\u001b[0m\n\n      \u001b[2mat Resolver._throwModNotFoundError (\u001b[22mnode_modules/jest-resolve/build/resolver.js\u001b[2m:427:11)\u001b[22m\n      \u001b[2mat Object.<anonymous> (\u001b[22m\u001b[0m\u001b[36msrc/Testing/components/RegLog.test.tsx\u001b[39m\u001b[0m\u001b[2m:7:6)\u001b[22m\n","name":"C:\\Users\\Cara PC\\fujitsu-growth\\FujitsuPlanner\\src\\Testing\\components\\RegLog.test.tsx","startTime":1745577809504,"status":"failed","summary":""},{"assertionResults":[],"coverage":{},"endTime":1745577809504,"message":"  \u001b[1m● \u001b[22mTest suite failed to run\n\n    Cannot find module '../api' from 'src/Testing/components/viewTemplate.test.tsx'\n\n    \u001b[0m \u001b[90m  5 |\u001b[39m \u001b[36mimport\u001b[39m \u001b[32m'@testing-library/jest-dom'\u001b[39m\u001b[33m;\u001b[39m\n     \u001b[90m  6 |\u001b[39m\n    \u001b[31m\u001b[1m>\u001b[22m\u001b[39m\u001b[90m  7 |\u001b[39m jest\u001b[33m.\u001b[39mmock(\u001b[32m'../api'\u001b[39m\u001b[33m,\u001b[39m () \u001b[33m=>\u001b[39m ({\n     \u001b[90m    |\u001b[39m      \u001b[31m\u001b[1m^\u001b[22m\u001b[39m\n     \u001b[90m  8 |\u001b[39m   getTemplates\u001b[33m:\u001b[39m jest\u001b[33m.\u001b[39mfn()\u001b[33m.\u001b[39mmockResolvedValue([\n     \u001b[90m  9 |\u001b[39m     { id\u001b[33m:\u001b[39m \u001b[32m'1'\u001b[39m\u001b[33m,\u001b[39m name\u001b[33m:\u001b[39m \u001b[32m'Template 1'\u001b[39m\u001b[33m,\u001b[39m tasks\u001b[33m:\u001b[39m [{ id\u001b[33m:\u001b[39m \u001b[32m'1'\u001b[39m\u001b[33m,\u001b[39m name\u001b[33m:\u001b[39m \u001b[32m'Task 1'\u001b[39m\u001b[33m,\u001b[39m time\u001b[33m:\u001b[39m \u001b[35m2\u001b[39m }] }\n     \u001b[90m 10 |\u001b[39m   ])\u001b[33m,\u001b[39m\u001b[0m\n\n      \u001b[2mat Resolver._throwModNotFoundError (\u001b[22mnode_modules/jest-resolve/build/resolver.js\u001b[2m:427:11)\u001b[22m\n      \u001b[2mat Object.<anonymous> (\u001b[22m\u001b[0m\u001b[36msrc/Testing/components/viewTemplate.test.tsx\u001b[39m\u001b[0m\u001b[2m:7:6)\u001b[22m\n","name":"C:\\Users\\Cara PC\\fujitsu-growth\\FujitsuPlanner\\src\\Testing\\components\\viewTemplate.test.tsx","startTime":1745577809504,"status":"failed","summary":""},{"assertionResults":[{"ancestorTitles":["UserContext"],"duration":37,"failureDetails":[],"failureMessages":[],"fullName":"UserContext provides default values when no user is logged in","invocations":1,"location":null,"numPassingAsserts":2,"retryReasons":[],"status":"passed","title":"provides default values when no user is logged in"},{"ancestorTitles":["UserContext"],"duration":27,"failureDetails":[],"failureMessages":[],"fullName":"UserContext updates context values when session check succeeds","invocations":1,"location":null,"numPassingAsserts":2,"retryReasons":[],"status":"passed","title":"updates context values when session check succeeds"},{"ancestorTitles":["UserContext"],"duration":29,"failureDetails":[],"failureMessages":[],"fullName":"UserContext does not update context values when session check fails","invocations":1,"location":null,"numPassingAsserts":2,"retryReasons":[],"status":"passed","title":"does not update context values when session check fails"},{"ancestorTitles":["UserContext"],"duration":21,"failureDetails":[{"matcherResult":{"pass":false,"message":"\u001b[2mexpect(\u001b[22m\u001b[31melement\u001b[39m\u001b[2m).toHaveTextContent()\u001b[22m\n\nExpected element to have text content:\n\u001b[32m  newuser\u001b[39m\nReceived:\n\u001b[31m  null\u001b[39m"}}],"failureMessages":["Error: \u001b[2mexpect(\u001b[22m\u001b[31melement\u001b[39m\u001b[2m).toHaveTextContent()\u001b[22m\n\nExpected element to have text content:\n\u001b[32m  newuser\u001b[39m\nReceived:\n\u001b[31m  null\u001b[39m\n    at Object.<anonymous> (C:\\Users\\Cara PC\\fujitsu-growth\\FujitsuPlanner\\src\\Testing\\context\\UserContext.test.tsx:128:48)\n    at Promise.then.completed (C:\\Users\\Cara PC\\fujitsu-growth\\FujitsuPlanner\\node_modules\\jest-circus\\build\\utils.js:298:28)\n    at new Promise (<anonymous>)\n    at callAsyncCircusFn (C:\\Users\\Cara PC\\fujitsu-growth\\FujitsuPlanner\\node_modules\\jest-circus\\build\\utils.js:231:10)\n    at _callCircusTest (C:\\Users\\Cara PC\\fujitsu-growth\\FujitsuPlanner\\node_modules\\jest-circus\\build\\run.js:316:40)\n    at _runTest (C:\\Users\\Cara PC\\fujitsu-growth\\FujitsuPlanner\\node_modules\\jest-circus\\build\\run.js:252:3)\n    at _runTestsForDescribeBlock (C:\\Users\\Cara PC\\fujitsu-growth\\FujitsuPlanner\\node_modules\\jest-circus\\build\\run.js:126:9)\n    at _runTestsForDescribeBlock (C:\\Users\\Cara PC\\fujitsu-growth\\FujitsuPlanner\\node_modules\\jest-circus\\build\\run.js:121:9)\n    at run (C:\\Users\\Cara PC\\fujitsu-growth\\FujitsuPlanner\\node_modules\\jest-circus\\build\\run.js:71:3)\n    at runAndTransformResultsToJestFormat (C:\\Users\\Cara PC\\fujitsu-growth\\FujitsuPlanner\\node_modules\\jest-circus\\build\\legacy-code-todo-rewrite\\jestAdapterInit.js:122:21)\n    at jestAdapter (C:\\Users\\Cara PC\\fujitsu-growth\\FujitsuPlanner\\node_modules\\jest-circus\\build\\legacy-code-todo-rewrite\\jestAdapter.js:79:19)\n    at runTestInternal (C:\\Users\\Cara PC\\fujitsu-growth\\FujitsuPlanner\\node_modules\\jest-runner\\build\\runTest.js:367:16)\n    at runTest (C:\\Users\\Cara PC\\fujitsu-growth\\FujitsuPlanner\\node_modules\\jest-runner\\build\\runTest.js:444:34)\n    at Object.worker (C:\\Users\\Cara PC\\fujitsu-growth\\FujitsuPlanner\\node_modules\\jest-runner\\build\\testWorker.js:106:12)"],"fullName":"UserContext allows updating context values via setLoggedInUser and setUserDetails","invocations":1,"location":null,"numPassingAsserts":2,"retryReasons":[],"status":"failed","title":"allows updating context values via setLoggedInUser and setUserDetails"}],"endTime":1745577806696,"message":"\u001b[1m\u001b[31m  \u001b[1m● \u001b[22m\u001b[1mUserContext › allows updating context values via setLoggedInUser and setUserDetails\u001b[39m\u001b[22m\n\n    \u001b[2mexpect(\u001b[22m\u001b[31melement\u001b[39m\u001b[2m).toHaveTextContent()\u001b[22m\n\n    Expected element to have text content:\n    \u001b[32m  newuser\u001b[39m\n    Received:\n    \u001b[31m  null\u001b[39m\n\u001b[2m\u001b[22m\n\u001b[2m    \u001b[0m \u001b[90m 126 |\u001b[39m     screen\u001b[33m.\u001b[39mgetByText(\u001b[32m'Set User Details'\u001b[39m)\u001b[33m.\u001b[39mclick()\u001b[33m;\u001b[39m\u001b[22m\n\u001b[2m     \u001b[90m 127 |\u001b[39m\u001b[22m\n\u001b[2m    \u001b[31m\u001b[1m>\u001b[22m\u001b[2m\u001b[39m\u001b[90m 128 |\u001b[39m     expect(screen\u001b[33m.\u001b[39mgetByTestId(\u001b[32m'loggedInUser'\u001b[39m))\u001b[33m.\u001b[39mtoHaveTextContent(\u001b[32m'newuser'\u001b[39m)\u001b[33m;\u001b[39m\u001b[22m\n\u001b[2m     \u001b[90m     |\u001b[39m                                                \u001b[31m\u001b[1m^\u001b[22m\u001b[2m\u001b[39m\u001b[22m\n\u001b[2m     \u001b[90m 129 |\u001b[39m     expect(screen\u001b[33m.\u001b[39mgetByTestId(\u001b[32m'userDetails'\u001b[39m))\u001b[33m.\u001b[39mtoHaveTextContent(\u001b[22m\n\u001b[2m     \u001b[90m 130 |\u001b[39m       \u001b[33mJSON\u001b[39m\u001b[33m.\u001b[39mstringify({ username\u001b[33m:\u001b[39m \u001b[32m'newuser'\u001b[39m\u001b[33m,\u001b[39m email\u001b[33m:\u001b[39m \u001b[32m'newuser@example.com'\u001b[39m })\u001b[22m\n\u001b[2m     \u001b[90m 131 |\u001b[39m     )\u001b[33m;\u001b[39m\u001b[0m\u001b[22m\n\u001b[2m\u001b[22m\n\u001b[2m      \u001b[2mat Object.<anonymous> (\u001b[22m\u001b[2m\u001b[0m\u001b[36msrc/Testing/context/UserContext.test.tsx\u001b[39m\u001b[0m\u001b[2m:128:48)\u001b[22m\u001b[2m\u001b[22m\n","name":"C:\\Users\\Cara PC\\fujitsu-growth\\FujitsuPlanner\\src\\Testing\\context\\UserContext.test.tsx","startTime":1745577805607,"status":"failed","summary":""},{"assertionResults":[],"coverage":{},"endTime":1745577809504,"message":"  \u001b[1m● \u001b[22mTest suite failed to run\n\n    TypeError: Cannot read properties of undefined (reading 'extend')\n\n    \u001b[0m \u001b[90m  5 |\u001b[39m \u001b[36mimport\u001b[39m { useState } \u001b[36mfrom\u001b[39m \u001b[32m'react'\u001b[39m\u001b[33m;\u001b[39m\n     \u001b[90m  6 |\u001b[39m\n    \u001b[31m\u001b[1m>\u001b[22m\u001b[39m\u001b[90m  7 |\u001b[39m dayjs\u001b[33m.\u001b[39mextend(weekday)\u001b[33m;\u001b[39m\n     \u001b[90m    |\u001b[39m       \u001b[31m\u001b[1m^\u001b[22m\u001b[39m\n     \u001b[90m  8 |\u001b[39m dayjs\u001b[33m.\u001b[39mextend(isSameOrBefore)\u001b[33m;\u001b[39m\n     \u001b[90m  9 |\u001b[39m\n     \u001b[90m 10 |\u001b[39m \u001b[36mconst\u001b[39m \u001b[33mLinearTaskCalendar\u001b[39m \u001b[33m=\u001b[39m ({ assignments \u001b[33m=\u001b[39m []\u001b[33m,\u001b[39m templates \u001b[33m=\u001b[39m []\u001b[33m,\u001b[39m loading \u001b[33m=\u001b[39m \u001b[36mfalse\u001b[39m }) \u001b[33m=>\u001b[39m {\u001b[0m\n\n      \u001b[2mat Object.<anonymous> (\u001b[22msrc/Pages/calendar.jsx\u001b[2m:7:7)\u001b[22m\n      \u001b[2mat Object.<anonymous> (\u001b[22m\u001b[0m\u001b[36msrc/Testing/components/calendar.test.tsx\u001b[39m\u001b[0m\u001b[2m:4:1)\u001b[22m\n","name":"C:\\Users\\Cara PC\\fujitsu-growth\\FujitsuPlanner\\src\\Testing\\components\\calendar.test.tsx","startTime":1745577809504,"status":"failed","summary":""},{"assertionResults":[],"coverage":{},"endTime":1745577809504,"message":"  \u001b[1m● \u001b[22mTest suite failed to run\n\n    TypeError: Cannot read properties of undefined (reading 'extend')\n\n    \u001b[0m \u001b[90m  5 |\u001b[39m \u001b[36mimport\u001b[39m { useState } \u001b[36mfrom\u001b[39m \u001b[32m'react'\u001b[39m\u001b[33m;\u001b[39m\n     \u001b[90m  6 |\u001b[39m\n    \u001b[31m\u001b[1m>\u001b[22m\u001b[39m\u001b[90m  7 |\u001b[39m dayjs\u001b[33m.\u001b[39mextend(weekday)\u001b[33m;\u001b[39m\n     \u001b[90m    |\u001b[39m       \u001b[31m\u001b[1m^\u001b[22m\u001b[39m\n     \u001b[90m  8 |\u001b[39m dayjs\u001b[33m.\u001b[39mextend(isSameOrBefore)\u001b[33m;\u001b[39m\n     \u001b[90m  9 |\u001b[39m\n     \u001b[90m 10 |\u001b[39m \u001b[36mconst\u001b[39m \u001b[33mLinearTaskCalendar\u001b[39m \u001b[33m=\u001b[39m ({ assignments \u001b[33m=\u001b[39m []\u001b[33m,\u001b[39m templates \u001b[33m=\u001b[39m []\u001b[33m,\u001b[39m loading \u001b[33m=\u001b[39m \u001b[36mfalse\u001b[39m }) \u001b[33m=>\u001b[39m {\u001b[0m\n\n      \u001b[2mat Object.<anonymous> (\u001b[22msrc/Pages/calendar.jsx\u001b[2m:7:7)\u001b[22m\n      \u001b[2mat Object.<anonymous> (\u001b[22msrc/App.tsx\u001b[2m:16:1)\u001b[22m\n      \u001b[2mat Object.<anonymous> (\u001b[22m\u001b[0m\u001b[36msrc/Testing/components/App.test.tsx\u001b[39m\u001b[0m\u001b[2m:3:1)\u001b[22m\n","name":"C:\\Users\\Cara PC\\fujitsu-growth\\FujitsuPlanner\\src\\Testing\\components\\App.test.tsx","startTime":1745577809504,"status":"failed","summary":""},{"assertionResults":[{"ancestorTitles":["Home Component"],"duration":320,"failureDetails":[],"failureMessages":[],"fullName":"Home Component renders without crashing","invocations":1,"location":null,"numPassingAsserts":1,"retryReasons":[],"status":"passed","title":"renders without crashing"}],"endTime":1745577809429,"message":"","name":"C:\\Users\\Cara PC\\fujitsu-growth\\FujitsuPlanner\\src\\Testing\\components\\Home.test.tsx","startTime":1745577805586,"status":"passed","summary":""},{"assertionResults":[{"ancestorTitles":["CreateTemplate Component"],"duration":322,"failureDetails":[{"name":"TestingLibraryElementError"}],"failureMessages":["TestingLibraryElementError: Found multiple elements with the text: Create Template\n\nHere are the matching elements:\n\nIgnored nodes: comments, script, style\n\u001b[36m<h1\u001b[39m\n  \u001b[33mclass\u001b[39m=\u001b[32m\"ant-typography css-dev-only-do-not-override-1v5z42l\"\u001b[39m\n\u001b[36m>\u001b[39m\n  \u001b[0mCreate Template\u001b[0m\n\u001b[36m</h1>\u001b[39m\n\nIgnored nodes: comments, script, style\n\u001b[36m<span>\u001b[39m\n  \u001b[0mCreate Template\u001b[0m\n\u001b[36m</span>\u001b[39m\n\n(If this is intentional, then use the `*AllBy*` variant of the query (like `queryAllByText`, `getAllByText`, or `findAllByText`)).\n\nIgnored nodes: comments, script, style\n\u001b[36m<body>\u001b[39m\n  \u001b[36m<div>\u001b[39m\n    \u001b[36m<div\u001b[39m\n      \u001b[33mstyle\u001b[39m=\u001b[32m\"padding: 20px;\"\u001b[39m\n    \u001b[36m>\u001b[39m\n      \u001b[36m<h1\u001b[39m\n        \u001b[33mclass\u001b[39m=\u001b[32m\"ant-typography css-dev-only-do-not-override-1v5z42l\"\u001b[39m\n      \u001b[36m>\u001b[39m\n        \u001b[0mCreate Template\u001b[0m\n      \u001b[36m</h1>\u001b[39m\n      \u001b[36m<form\u001b[39m\n        \u001b[33mclass\u001b[39m=\u001b[32m\"ant-form ant-form-vertical css-dev-only-do-not-override-1v5z42l\"\u001b[39m\n        \u001b[33mstyle\u001b[39m=\u001b[32m\"max-width: 600px;\"\u001b[39m\n      \u001b[36m>\u001b[39m\n        \u001b[36m<div\u001b[39m\n          \u001b[33mclass\u001b[39m=\u001b[32m\"ant-form-item css-dev-only-do-not-override-1v5z42l\"\u001b[39m\n        \u001b[36m>\u001b[39m\n          \u001b[36m<div\u001b[39m\n            \u001b[33mclass\u001b[39m=\u001b[32m\"ant-row ant-form-item-row css-dev-only-do-not-override-1v5z42l\"\u001b[39m\n          \u001b[36m>\u001b[39m\n            \u001b[36m<div\u001b[39m\n              \u001b[33mclass\u001b[39m=\u001b[32m\"ant-col ant-form-item-label css-dev-only-do-not-override-1v5z42l\"\u001b[39m\n            \u001b[36m>\u001b[39m\n              \u001b[36m<label\u001b[39m\n                \u001b[33mclass\u001b[39m=\u001b[32m\"ant-form-item-required\"\u001b[39m\n                \u001b[33mtitle\u001b[39m=\u001b[32m\"\"\u001b[39m\n              \u001b[36m>\u001b[39m\n                \u001b[36m<span\u001b[39m\n                  \u001b[33mclass\u001b[39m=\u001b[32m\"ant-typography css-dev-only-do-not-override-1v5z42l\"\u001b[39m\n                \u001b[36m>\u001b[39m\n                  \u001b[36m<strong>\u001b[39m\n                    \u001b[0mTemplate Name\u001b[0m\n                  \u001b[36m</strong>\u001b[39m\n                \u001b[36m</span>\u001b[39m\n              \u001b[36m</label>\u001b[39m\n            \u001b[36m</div>\u001b[39m\n            \u001b[36m<div\u001b[39m\n              \u001b[33mclass\u001b[39m=\u001b[32m\"ant-col ant-form-item-control css-dev-only-do-not-override-1v5z42l\"\u001b[39m\n            \u001b[36m>\u001b[39m\n              \u001b[36m<div\u001b[39m\n                \u001b[33mclass\u001b[39m=\u001b[32m\"ant-form-item-control-input\"\u001b[39m\n              \u001b[36m>\u001b[39m\n                \u001b[36m<div\u001b[39m\n                  \u001b[33mclass\u001b[39m=\u001b[32m\"ant-form-item-control-input-content\"\u001b[39m\n                \u001b[36m>\u001b[39m\n                  \u001b[36m<input\u001b[39m\n                    \u001b[33mclass\u001b[39m=\u001b[32m\"ant-input css-dev-only-do-not-override-1v5z42l ant-input-outlined\"\u001b[39m\n                    \u001b[33mplaceholder\u001b[39m=\u001b[32m\"Enter template name\"\u001b[39m\n                    \u001b[33mtype\u001b[39m=\u001b[32m\"text\"\u001b[39m\n                    \u001b[33mvalue\u001b[39m=\u001b[32m\"\"\u001b[39m\n                  \u001b[36m/>\u001b[39m\n                \u001b[36m</div>\u001b[39m\n              \u001b[36m</div>\u001b[39m\n            \u001b[36m</div>\u001b[39m\n          \u001b[36m</div>\u001b[39m\n        \u001b[36m</div>\u001b[39m\n        \u001b[36m<div\u001b[39m\n          \u001b[33mclass\u001b[39m=\u001b[32m\"ant-form-item css-dev-only-do-not-override-1v5z42l\"\u001b[39m\n        \u001b[36m>\u001b[39m\n          \u001b[36m<div\u001b[39m\n            \u001b[33mclass\u001b[39m=\u001b[32m\"ant-row ant-form-item-row css-dev-only-do-not-override-1v5z42l\"\u001b[39m\n          \u001b[36m>\u001b[39m\n            \u001b[36m<div\u001b[39m\n              \u001b[33mclass\u001b[39m=\u001b[32m\"ant-col ant-form-item-label css-dev-only-do-not-override-1v5z42l\"\u001b[39m\n            \u001b[36m>\u001b[39m\n              \u001b[36m<label\u001b[39m\n                \u001b[33mclass\u001b[39m=\u001b[32m\"\"\u001b[39m\n                \u001b[33mtitle\u001b[39m=\u001b[32m\"\"\u001b[39m\n              \u001b[36m>\u001b[39m\n                \u001b[36m<span\u001b[39m\n                  \u001b[33mclass\u001b[39m=\u001b[32m\"ant-typography css-dev-only-do-not-override-1v5z42l\"\u001b[39m\n                \u001b[36m>\u001b[39m\n                  \u001b[36m<strong>\u001b[39m\n                    \u001b[0mAdd Task\u001b[0m\n                  \u001b[36m</strong>\u001b[39m\n                \u001b[36m</span>\u001b[39m\n              \u001b[36m</label>\u001b[39m\n            \u001b[36m</div>\u001b[39m\n            \u001b[36m<div\u001b[39m\n              \u001b[33mclass\u001b[39m=\u001b[32m\"ant-col ant-form-item-control css-dev-only-do-not-override-1v5z42l\"\u001b[39m\n            \u001b[36m>\u001b[39m\n              \u001b[36m<div\u001b[39m\n                \u001b[33mclass\u001b[39m=\u001b[32m\"ant-form-item-control-input\"\u001b[39m\n              \u001b[36m>\u001b[39m\n                \u001b[36m<div\u001b[39m\n                  \u001b[33mclass\u001b[39m=\u001b[32m\"ant-form-item-control-input-content\"\u001b[39m\n                \u001b[36m>\u001b[39m\n                  \u001b[36m<input\u001b[39m\n                    \u001b[33mclass\u001b[39m=\u001b[32m\"ant-input css-dev-only-do-not-override-1v5z42l ant-input-outlined\"\u001b[39m\n                    \u001b[33mplaceholder\u001b[39m=\u001b[32m\"Task Name\"\u001b[39m\n                    \u001b[33mstyle\u001b[39m=\u001b[32m\"margin-bottom: 10px;\"\u001b[39m\n                    \u001b[33mtype\u001b[39m=\u001b[32m\"text\"\u001b[39m\n                    \u001b[33mvalue\u001b[39m=\u001b[32m\"\"\u001b[39m\n                  \u001b[36m/>\u001b[39m\n                  \u001b[36m<div\u001b[39m\n                    \u001b[33mclass\u001b[39m=\u001b[32m\"ant-input-number ant-input-number-in-form-item css-dev-only-do-not-override-1v5z42l ant-input-number-outlined\"\u001b[39m\n                    \u001b[33mstyle\u001b[39m=\u001b[32m\"margin-bottom: 10px; width: 100%;\"\u001b[39m\n                  \u001b[36m>\u001b[39m\n                    \u001b[36m<div\u001b[39m\n                      \u001b[33mclass\u001b[39m=\u001b[32m\"ant-input-number-handler-wrap\"\u001b[39m\n                    \u001b[36m>\u001b[39m\n                      \u001b[36m<span\u001b[39m\n                        \u001b[33maria-disabled\u001b[39m=\u001b[32m\"false\"\u001b[39m\n                        \u001b[33maria-label\u001b[39m=\u001b[32m\"Increase Value\"\u001b[39m\n                        \u001b[33mclass\u001b[39m=\u001b[32m\"ant-input-number-handler ant-input-number-handler-up\"\u001b[39m\n                        \u001b[33mrole\u001b[39m=\u001b[32m\"button\"\u001b[39m\n                        \u001b[33munselectable\u001b[39m=\u001b[32m\"on\"\u001b[39m\n                      \u001b[36m>\u001b[39m\n                        \u001b[36m<span\u001b[39m\n                          \u001b[33maria-label\u001b[39m=\u001b[32m\"up\"\u001b[39m\n                          \u001b[33mclass\u001b[39m=\u001b[32m\"anticon anticon-up ant-input-number-handler-up-inner\"\u001b[39m\n                          \u001b[33mrole\u001b[39m=\u001b[32m\"img\"\u001b[39m\n                        \u001b[36m>\u001b[39m\n                          \u001b[36m<svg\u001b[39m\n                            \u001b[33maria-hidden\u001b[39m=\u001b[32m\"true\"\u001b[39m\n                            \u001b[33mdata-icon\u001b[39m=\u001b[32m\"up\"\u001b[39m\n                            \u001b[33mfill\u001b[39m=\u001b[32m\"currentColor\"\u001b[39m\n                            \u001b[33mfocusable\u001b[39m=\u001b[32m\"false\"\u001b[39m\n                            \u001b[33mheight\u001b[39m=\u001b[32m\"1em\"\u001b[39m\n                            \u001b[33mviewBox\u001b[39m=\u001b[32m\"64 64 896 896\"\u001b[39m\n                            \u001b[33mwidth\u001b[39m=\u001b[32m\"1em\"\u001b[39m\n                          \u001b[36m>\u001b[39m\n                            \u001b[36m<path\u001b[39m\n                              \u001b[33md\u001b[39m=\u001b[32m\"M890.5 755.3L537.9 269.2c-12.8-17.6-39-17.6-51.7 0L133.5 755.3A8 8 0 00140 768h75c5.1 0 9.9-2.5 12.9-6.6L512 369.8l284.1 391.6c3 4.1 7.8 6.6 12.9 6.6h75c6.5 0 10.3-7.4 6.5-12.7z\"\u001b[39m\n                            \u001b[36m/>\u001b[39m\n                          \u001b[36m</svg>\u001b[39m\n                        \u001b[36m</span>\u001b[39m\n                      \u001b[36m</span>\u001b[39m\n                      \u001b[36m<span\u001b[39m\n                        \u001b[33maria-disabled\u001b[39m=\u001b[32m\"false\"\u001b[39m\n                        \u001b[33maria-label\u001b[39m=\u001b[32m\"Decrease Value\"\u001b[39m\n                        \u001b[33mclass\u001b[39m=\u001b[32m\"ant-input-number-handler ant-input-number-handler-down\"\u001b[39m\n                        \u001b[33mrole\u001b[39m=\u001b[32m\"button\"\u001b[39m\n                        \u001b[33munselectable\u001b[39m=\u001b[32m\"on\"\u001b[39m\n                      \u001b[36m>\u001b[39m\n                        \u001b[36m<span\u001b[39m\n                          \u001b[33maria-label\u001b[39m=\u001b[32m\"down\"\u001b[39m\n                          \u001b[33mclass\u001b[39m=\u001b[32m\"anticon anticon-down ant-input-number-handler-down-inner\"\u001b[39m\n                          \u001b[33mrole\u001b[39m=\u001b[32m\"img\"\u001b[39m\n                        \u001b[36m>\u001b[39m\n                          \u001b[36m<svg\u001b[39m\n                            \u001b[33maria-hidden\u001b[39m=\u001b[32m\"true\"\u001b[39m\n                            \u001b[33mdata-icon\u001b[39m=\u001b[32m\"down\"\u001b[39m\n                            \u001b[33mfill\u001b[39m=\u001b[32m\"currentColor\"\u001b[39m\n                            \u001b[33mfocusable\u001b[39m=\u001b[32m\"false\"\u001b[39m\n                            \u001b[33mheight\u001b[39m=\u001b[32m\"1em\"\u001b[39m\n                            \u001b[33mviewBox\u001b[39m=\u001b[32m\"64 64 896 896\"\u001b[39m\n                            \u001b[33mwidth\u001b[39m=\u001b[32m\"1em\"\u001b[39m\n                          \u001b[36m>\u001b[39m\n                            \u001b[36m<path\u001b[39m\n                              \u001b[33md\u001b[39m=\u001b[32m\"M884 256h-75c-5.1 0-9.9 2.5-12.9 6.6L512 654.2 227.9 262.6c-3-4.1-7.8-6.6-12.9-6.6h-75c-6.5 0-10.3 7.4-6.5 12.7l352.6 486.1c12.8 17.6 39 17.6 51.7 0l352.6-486.1c3.9-5.3.1-12.7-6.4-12.7z\"\u001b[39m\n                            \u001b[36m/>\u001b[39m\n                          \u001b[36m</svg>\u001b[39m\n                        \u001b[36m</span>\u001b[39m\n                      \u001b[36m</span>\u001b[39m\n                    \u001b[36m</div>\u001b[39m\n                    \u001b[36m<div\u001b[39m\n                      \u001b[33mclass\u001b[39m=\u001b[32m\"ant-input-number-input-wrap\"\u001b[39m\n                    \u001b[36m>\u001b[39m\n                      \u001b[36m<input\u001b[39m\n                        \u001b[33mautocomplete\u001b[39m=\u001b[32m\"off\"\u001b[39m\n                        \u001b[33mclass\u001b[39m=\u001b[32m\"ant-input-number-input\"\u001b[39m\n                        \u001b[33mplaceholder\u001b[39m=\u001b[32m\"Time Estimation (hours)\"\u001b[39m\n                        \u001b[33mrole\u001b[39m=\u001b[32m\"spinbutton\"\u001b[39m\n                        \u001b[33mstep\u001b[39m=\u001b[32m\"1\"\u001b[39m\n                        \u001b[33mvalue\u001b[39m=\u001b[32m\"\"\u001b[39m\n                      \u001b[36m/>\u001b[39m\n                    \u001b[36m</div>\u001b[39m\n                  \u001b[36m</div>\u001b[39m\n                  \u001b[36m<button\u001b[39m\n                    \u001b[33mclass\u001b[39m=\u001b[32m\"ant-btn css-dev-only-do-not-override-1v5z42l ant-btn-primary ant-btn-color-primary ant-btn-variant-solid\"\u001b[39m\n                    \u001b[33mtype\u001b[39m=\u001b[32m\"button\"\u001b[39m\n                  \u001b[36m>\u001b[39m\n                    \u001b[36m<span>\u001b[39m\n                      \u001b[0mAdd Task\u001b[0m\n                    \u001b[36m</span>\u001b[39m\n                  \u001b[36m</button>\u001b[39m\n                \u001b[36m</div>\u001b[39m\n              \u001b[36m</div>\u001b[39m\n            \u001b[36m</div>\u001b[39m\n          \u001b[36m</div>\u001b[39m\n        \u001b[36m</div>\u001b[39m\n        \u001b[36m<div\u001b[39m\n          \u001b[33mclass\u001b[39m=\u001b[32m\"ant-form-item css-dev-only-do-not-override-1v5z42l\"\u001b[39m\n        \u001b[36m>\u001b[39m\n          \u001b[36m<div\u001b[39m\n            \u001b[33mclass\u001b[39m=\u001b[32m\"ant-row ant-form-item-row css-dev-only-do-not-override-1v5z42l\"\u001b[39m\n          \u001b[36m>\u001b[39m\n            \u001b[36m<div\u001b[39m\n              \u001b[33mclass\u001b[39m=\u001b[32m\"ant-col ant-form-item-label css-dev-only-do-not-override-1v5z42l\"\u001b[39m\n            \u001b[36m>\u001b[39m\n              \u001b[36m<label\u001b[39m\n                \u001b[33mclass\u001b[39m=\u001b[32m\"\"\u001b[39m\n                \u001b[33mtitle\u001b[39m=\u001b[32m\"\"\u001b[39m\n              \u001b[36m>\u001b[39m\n                \u001b[36m<span\u001b[39m\n                  \u001b[33mclass\u001b[39m=\u001b[32m\"ant-typography css-dev-only-do-not-override-1v5z42l\"\u001b[39m\n                \u001b[36m>\u001b[39m\n                  \u001b[36m<strong>\u001b[39m\n                    \u001b[0mTasks\u001b[0m\n                  \u001b[36m</strong>\u001b[39m\n                \u001b[36m</span>\u001b[39m\n              \u001b[36m</label>\u001b[39m\n            \u001b[36m</div>\u001b[39m\n            \u001b[36m<div\u001b[39m\n              \u001b[33mclass\u001b[39m=\u001b[32m\"ant-col ant-form-item-control css-dev-only-do-not-override-1v5z42l\"\u001b[39m\n            \u001b[36m>\u001b[39m\n              \u001b[36m<div\u001b[39m\n                \u001b[33mclass\u001b[39m=\u001b[32m\"ant-form-item-control-input\"\u001b[39m\n              \u001b[36m>\u001b[39m\n                \u001b[36m<div\u001b[39m\n                  \u001b[33mclass\u001b[39m=\u001b[32m\"ant-form-item-control-input-content\"\u001b[39m\n                \u001b[36m>\u001b[39m\n                  \u001b[36m<div\u001b[39m\n                    \u001b[33mclass\u001b[39m=\u001b[32m\"ant-list ant-list-split ant-list-bordered css-dev-only-do-not-override-1v5z42l\"\u001b[39m\n                  \u001b[36m>\u001b[39m\n                    \u001b[36m<div\u001b[39m\n                      \u001b[33mclass\u001b[39m=\u001b[32m\"ant-spin-nested-loading css-dev-only-do-not-override-1v5z42l\"\u001b[39m\n                    \u001b[36m>\u001b[39m\n                      \u001b[36m<div\u001b[39m\n                        \u001b[33mclass\u001b[39m=\u001b[32m\"ant-spin-container\"\u001b[39m\n                      \u001b[36m>\u001b[39m\n                        \u001b[36m<div\u001b[39m\n                          \u001b[33mclass\u001b[39m=\u001b[32m\"ant-list-empty-text\"\u001b[39m\n                        \u001b[36m>\u001b[39m\n                          \u001b[36m<div\u001b[39m\n                            \u001b[33mclass\u001b[39m=\u001b[32m\"css-dev-only-do-not-override-1v5z42l ant-empty ant-empty-normal\"\u001b[39m\n                          \u001b[36m>\u001b[39m\n                            \u001b[36m<div\u001b[39m\n                              \u001b[33mclass\u001b[39m=\u001b[32m\"ant-empty-image\"\u001b[39m\n                            \u001b[36m>\u001b[39m\n                              \u001b[36m<svg\u001b[39m\n                                \u001b[33mheight\u001b[39m=\u001b[32m\"41\"\u001b[39m\n                                \u001b[33mviewBox\u001b[39m=\u001b[32m\"0 0 64 41\"\u001b[39m\n                                \u001b[33mwidth\u001b[39m=\u001b[32m\"64\"\u001b[39m\n                                \u001b[33mxmlns\u001b[39m=\u001b[32m\"http://www.w3.org/2000/svg\"\u001b[39m\n                              \u001b[36m>\u001b[39m\n                                \u001b[36m<title>\u001b[39m\n                                  \u001b[0mNo data\u001b[0m\n                                \u001b[36m</title>\u001b[39m\n                                \u001b[36m<g\u001b[39m\n                                  \u001b[33mfill\u001b[39m=\u001b[32m\"none\"\u001b[39m\n                                  \u001b[33mfill-rule\u001b[39m=\u001b[32m\"evenodd\"\u001b[39m\n                                  \u001b[33mtransform\u001b[39m=\u001b[32m\"translate(0 1)\"\u001b[39m\n                                \u001b[36m>\u001b[39m\n                                  \u001b[36m<ellipse\u001b[39m\n                                    \u001b[33mcx\u001b[39m=\u001b[32m\"32\"\u001b[39m\n                                    \u001b[33mcy\u001b[39m=\u001b[32m\"33\"\u001b[39m\n                                    \u001b[33mfill\u001b[39m=\u001b[32m\"#f5f5f5\"\u001b[39m\n                                    \u001b[33mrx\u001b[39m=\u001b[32m\"32\"\u001b[39m\n                                    \u001b[33mry\u001b[39m=\u001b[32m\"7\"\u001b[39m\n                                  \u001b[36m/>\u001b[39m\n                                  \u001b[36m<g\u001b[39m\n                                    \u001b[33mfill-rule\u001b[39m=\u001b[32m\"nonzero\"\u001b[39m\n                                    \u001b[33mstroke\u001b[39m=\u001b[32m\"#d9d9d9\"\u001b[39m\n                                  \u001b[36m>\u001b[39m\n                                    \u001b[36m<path\u001b[39m\n                                      \u001b[33md\u001b[39m=\u001b[32m\"M55 12.76L44.854 1.258C44.367.474 43.656 0 42.907 0H21.093c-.749 0-1.46.474-1.947 1.257L9 12.761V22h46v-9.24z\"\u001b[39m\n                                    \u001b[36m/>\u001b[39m\n                                    \u001b[36m<path\u001b[39m\n                                      \u001b[33md\u001b[39m=\u001b[32m\"M41.613 15.931c0-1.605.994-2.93 2.227-2.931H55v18.137C55 33.26 53.68 35 52.05 35h-40.1C10.32 35 9 33.259 9 31.137V13h11.16c1.233 0 2.227 1.323 2.227 2.928v.022c0 1.605 1.005 2.901 2.237 2.901h14.752c1.232 0 2.237-1.308 2.237-2.913v-.007z\"\u001b[39m\n                                      \u001b[33mfill\u001b[39m=\u001b[32m\"#fafafa\"\u001b[39m\n                                    \u001b[36m/>\u001b[39m\n                                  \u001b[36m</g>\u001b[39m\n                                \u001b[36m</g>\u001b[39m\n                              \u001b[36m</svg>\u001b[39m\n                            \u001b[36m</div>\u001b[39m\n                            \u001b[36m<div\u001b[39m\n                              \u001b[33mclass\u001b[39m=\u001b[32m\"ant-empty-description\"\u001b[39m\n                            \u001b[36m>\u001b[39m\n                              \u001b[0mNo data\u001b[0m\n                            \u001b[36m</div>\u001b[39m\n                          \u001b[36m</div>\u001b[39m\n                        \u001b[36m</div>\u001b[39m\n                      \u001b[36m</div>\u001b[39m\n                    \u001b[36m</div>\u001b[39m\n                  \u001b[36m</div>\u001b[39m\n                \u001b[36m</div>\u001b[39m\n              \u001b[36m</div>\u001b[39m\n            \u001b[36m</div>\u001b[39m\n          \u001b[36m</div>\u001b[39m\n        \u001b[36m</div>\u001b[39m\n        \u001b[36m<div\u001b[39m\n          \u001b[33mclass\u001b[39m=\u001b[32m\"ant-form-item css-dev-only-do-not-override-1v5z42l\"\u001b[39m\n        \u001b[36m>\u001b[39m\n          \u001b[36m<div\u001b[39m\n            \u001b[33mclass\u001b[39m=\u001b[32m\"ant-row ant-form-item-row css-dev-only-do-not-override-1v5z42l\"\u001b[39m\n          \u001b[36m>\u001b[39m\n            \u001b[36m<div\u001b[39m\n              \u001b[33mclass\u001b[39m=\u001b[32m\"ant-col ant-form-item-control css-dev-only-do-not-override-1v5z42l\"\u001b[39m\n            \u001b[36m>\u001b[39m\n              \u001b[36m<div\u001b[39m\n                \u001b[33mclass\u001b[39m=\u001b[32m\"ant-form-item-control-input\"\u001b[39m\n              \u001b[36m>\u001b[39m\n                \u001b[36m<div\u001b[39m\n                  \u001b[33mclass\u001b[39m=\u001b[32m\"ant-form-item-control-input-content\"\u001b[39m\n                \u001b[36m>\u001b[39m\n                  \u001b[36m<button\u001b[39m\n                    \u001b[33mclass\u001b[39m=\u001b[32m\"ant-btn css-dev-only-do-not-override-1v5z42l ant-btn-primary ant-btn-color-primary ant-btn-variant-solid\"\u001b[39m\n                    \u001b[33mdisabled\u001b[39m=\u001b[32m\"\"\u001b[39m\n                    \u001b[33mtype\u001b[39m=\u001b[32m\"button\"\u001b[39m\n                  \u001b[36m>\u001b[39m\n                    \u001b[36m<span>\u001b[39m\n                      \u001b[0mCreate Template\u001b[0m\n                    \u001b[36m</span>\u001b[39m\n                  \u001b[36m</button>\u001b[39m\n                \u001b[36m</div>\u001b[39m\n              \u001b[36m</div>\u001b[39m\n            \u001b[36m</div>\u001b[39m\n          \u001b[36m</div>\u001b[39m\n        \u001b[36m</div>\u001b[39m\n      \u001b[36m</form>\u001b[39m\n    \u001b[36m</div>\u001b[39m\n  \u001b[36m</div>\u001b[39m\n\u001b[36m</body>\u001b[39m\n    at Object.getElementError (C:\\Users\\Cara PC\\fujitsu-growth\\FujitsuPlanner\\node_modules\\@testing-library\\dom\\dist\\config.js:37:19)\n    at getElementError (C:\\Users\\Cara PC\\fujitsu-growth\\FujitsuPlanner\\node_modules\\@testing-library\\dom\\dist\\query-helpers.js:20:35)\n    at getMultipleElementsFoundError (C:\\Users\\Cara PC\\fujitsu-growth\\FujitsuPlanner\\node_modules\\@testing-library\\dom\\dist\\query-helpers.js:23:10)\n    at C:\\Users\\Cara PC\\fujitsu-growth\\FujitsuPlanner\\node_modules\\@testing-library\\dom\\dist\\query-helpers.js:55:13\n    at C:\\Users\\Cara PC\\fujitsu-growth\\FujitsuPlanner\\node_modules\\@testing-library\\dom\\dist\\query-helpers.js:95:19\n    at Object.<anonymous> (C:\\Users\\Cara PC\\fujitsu-growth\\FujitsuPlanner\\src\\Testing\\components\\CreateTemplate.test.tsx:19:19)\n    at Promise.then.completed (C:\\Users\\Cara PC\\fujitsu-growth\\FujitsuPlanner\\node_modules\\jest-circus\\build\\utils.js:298:28)\n    at new Promise (<anonymous>)\n    at callAsyncCircusFn (C:\\Users\\Cara PC\\fujitsu-growth\\FujitsuPlanner\\node_modules\\jest-circus\\build\\utils.js:231:10)\n    at _callCircusTest (C:\\Users\\Cara PC\\fujitsu-growth\\FujitsuPlanner\\node_modules\\jest-circus\\build\\run.js:316:40)\n    at processTicksAndRejections (node:internal/process/task_queues:105:5)\n    at _runTest (C:\\Users\\Cara PC\\fujitsu-growth\\FujitsuPlanner\\node_modules\\jest-circus\\build\\run.js:252:3)\n    at _runTestsForDescribeBlock (C:\\Users\\Cara PC\\fujitsu-growth\\FujitsuPlanner\\node_modules\\jest-circus\\build\\run.js:126:9)\n    at _runTestsForDescribeBlock (C:\\Users\\Cara PC\\fujitsu-growth\\FujitsuPlanner\\node_modules\\jest-circus\\build\\run.js:121:9)\n    at run (C:\\Users\\Cara PC\\fujitsu-growth\\FujitsuPlanner\\node_modules\\jest-circus\\build\\run.js:71:3)\n    at runAndTransformResultsToJestFormat (C:\\Users\\Cara PC\\fujitsu-growth\\FujitsuPlanner\\node_modules\\jest-circus\\build\\legacy-code-todo-rewrite\\jestAdapterInit.js:122:21)\n    at jestAdapter (C:\\Users\\Cara PC\\fujitsu-growth\\FujitsuPlanner\\node_modules\\jest-circus\\build\\legacy-code-todo-rewrite\\jestAdapter.js:79:19)\n    at runTestInternal (C:\\Users\\Cara PC\\fujitsu-growth\\FujitsuPlanner\\node_modules\\jest-runner\\build\\runTest.js:367:16)\n    at runTest (C:\\Users\\Cara PC\\fujitsu-growth\\FujitsuPlanner\\node_modules\\jest-runner\\build\\runTest.js:444:34)\n    at Object.worker (C:\\Users\\Cara PC\\fujitsu-growth\\FujitsuPlanner\\node_modules\\jest-runner\\build\\testWorker.js:106:12)"],"fullName":"CreateTemplate Component renders form when logged in","invocations":1,"location":null,"numPassingAsserts":0,"retryReasons":[],"status":"failed","title":"renders form when logged in"}],"endTime":1745577809452,"message":"\u001b[1m\u001b[31m  \u001b[1m● \u001b[22m\u001b[1mCreateTemplate Component › renders form when logged in\u001b[39m\u001b[22m\n\n    TestingLibraryElementError: Found multiple elements with the text: Create Template\n\n    Here are the matching elements:\n\n    Ignored nodes: comments, script, style\n    \u001b[36m<h1\u001b[39m\n      \u001b[33mclass\u001b[39m=\u001b[32m\"ant-typography css-dev-only-do-not-override-1v5z42l\"\u001b[39m\n    \u001b[36m>\u001b[39m\n      \u001b[0mCreate Template\u001b[0m\n    \u001b[36m</h1>\u001b[39m\n\n    Ignored nodes: comments, script, style\n    \u001b[36m<span>\u001b[39m\n      \u001b[0mCreate Template\u001b[0m\n    \u001b[36m</span>\u001b[39m\n\n    (If this is intentional, then use the `*AllBy*` variant of the query (like `queryAllByText`, `getAllByText`, or `findAllByText`)).\n\n    Ignored nodes: comments, script, style\n    \u001b[36m<body>\u001b[39m\n      \u001b[36m<div>\u001b[39m\n        \u001b[36m<div\u001b[39m\n          \u001b[33mstyle\u001b[39m=\u001b[32m\"padding: 20px;\"\u001b[39m\n        \u001b[36m>\u001b[39m\n          \u001b[36m<h1\u001b[39m\n            \u001b[33mclass\u001b[39m=\u001b[32m\"ant-typography css-dev-only-do-not-override-1v5z42l\"\u001b[39m\n          \u001b[36m>\u001b[39m\n            \u001b[0mCreate Template\u001b[0m\n          \u001b[36m</h1>\u001b[39m\n          \u001b[36m<form\u001b[39m\n            \u001b[33mclass\u001b[39m=\u001b[32m\"ant-form ant-form-vertical css-dev-only-do-not-override-1v5z42l\"\u001b[39m\n            \u001b[33mstyle\u001b[39m=\u001b[32m\"max-width: 600px;\"\u001b[39m\n          \u001b[36m>\u001b[39m\n            \u001b[36m<div\u001b[39m\n              \u001b[33mclass\u001b[39m=\u001b[32m\"ant-form-item css-dev-only-do-not-override-1v5z42l\"\u001b[39m\n            \u001b[36m>\u001b[39m\n              \u001b[36m<div\u001b[39m\n                \u001b[33mclass\u001b[39m=\u001b[32m\"ant-row ant-form-item-row css-dev-only-do-not-override-1v5z42l\"\u001b[39m\n              \u001b[36m>\u001b[39m\n                \u001b[36m<div\u001b[39m\n                  \u001b[33mclass\u001b[39m=\u001b[32m\"ant-col ant-form-item-label css-dev-only-do-not-override-1v5z42l\"\u001b[39m\n                \u001b[36m>\u001b[39m\n                  \u001b[36m<label\u001b[39m\n                    \u001b[33mclass\u001b[39m=\u001b[32m\"ant-form-item-required\"\u001b[39m\n                    \u001b[33mtitle\u001b[39m=\u001b[32m\"\"\u001b[39m\n                  \u001b[36m>\u001b[39m\n                    \u001b[36m<span\u001b[39m\n                      \u001b[33mclass\u001b[39m=\u001b[32m\"ant-typography css-dev-only-do-not-override-1v5z42l\"\u001b[39m\n                    \u001b[36m>\u001b[39m\n                      \u001b[36m<strong>\u001b[39m\n                        \u001b[0mTemplate Name\u001b[0m\n                      \u001b[36m</strong>\u001b[39m\n                    \u001b[36m</span>\u001b[39m\n                  \u001b[36m</label>\u001b[39m\n                \u001b[36m</div>\u001b[39m\n                \u001b[36m<div\u001b[39m\n                  \u001b[33mclass\u001b[39m=\u001b[32m\"ant-col ant-form-item-control css-dev-only-do-not-override-1v5z42l\"\u001b[39m\n                \u001b[36m>\u001b[39m\n                  \u001b[36m<div\u001b[39m\n                    \u001b[33mclass\u001b[39m=\u001b[32m\"ant-form-item-control-input\"\u001b[39m\n                  \u001b[36m>\u001b[39m\n                    \u001b[36m<div\u001b[39m\n                      \u001b[33mclass\u001b[39m=\u001b[32m\"ant-form-item-control-input-content\"\u001b[39m\n                    \u001b[36m>\u001b[39m\n                      \u001b[36m<input\u001b[39m\n                        \u001b[33mclass\u001b[39m=\u001b[32m\"ant-input css-dev-only-do-not-override-1v5z42l ant-input-outlined\"\u001b[39m\n                        \u001b[33mplaceholder\u001b[39m=\u001b[32m\"Enter template name\"\u001b[39m\n                        \u001b[33mtype\u001b[39m=\u001b[32m\"text\"\u001b[39m\n                        \u001b[33mvalue\u001b[39m=\u001b[32m\"\"\u001b[39m\n                      \u001b[36m/>\u001b[39m\n                    \u001b[36m</div>\u001b[39m\n                  \u001b[36m</div>\u001b[39m\n                \u001b[36m</div>\u001b[39m\n              \u001b[36m</div>\u001b[39m\n            \u001b[36m</div>\u001b[39m\n            \u001b[36m<div\u001b[39m\n              \u001b[33mclass\u001b[39m=\u001b[32m\"ant-form-item css-dev-only-do-not-override-1v5z42l\"\u001b[39m\n            \u001b[36m>\u001b[39m\n              \u001b[36m<div\u001b[39m\n                \u001b[33mclass\u001b[39m=\u001b[32m\"ant-row ant-form-item-row css-dev-only-do-not-override-1v5z42l\"\u001b[39m\n              \u001b[36m>\u001b[39m\n                \u001b[36m<div\u001b[39m\n                  \u001b[33mclass\u001b[39m=\u001b[32m\"ant-col ant-form-item-label css-dev-only-do-not-override-1v5z42l\"\u001b[39m\n                \u001b[36m>\u001b[39m\n                  \u001b[36m<label\u001b[39m\n                    \u001b[33mclass\u001b[39m=\u001b[32m\"\"\u001b[39m\n                    \u001b[33mtitle\u001b[39m=\u001b[32m\"\"\u001b[39m\n                  \u001b[36m>\u001b[39m\n                    \u001b[36m<span\u001b[39m\n                      \u001b[33mclass\u001b[39m=\u001b[32m\"ant-typography css-dev-only-do-not-override-1v5z42l\"\u001b[39m\n                    \u001b[36m>\u001b[39m\n                      \u001b[36m<strong>\u001b[39m\n                        \u001b[0mAdd Task\u001b[0m\n                      \u001b[36m</strong>\u001b[39m\n                    \u001b[36m</span>\u001b[39m\n                  \u001b[36m</label>\u001b[39m\n                \u001b[36m</div>\u001b[39m\n                \u001b[36m<div\u001b[39m\n                  \u001b[33mclass\u001b[39m=\u001b[32m\"ant-col ant-form-item-control css-dev-only-do-not-override-1v5z42l\"\u001b[39m\n                \u001b[36m>\u001b[39m\n                  \u001b[36m<div\u001b[39m\n                    \u001b[33mclass\u001b[39m=\u001b[32m\"ant-form-item-control-input\"\u001b[39m\n                  \u001b[36m>\u001b[39m\n                    \u001b[36m<div\u001b[39m\n                      \u001b[33mclass\u001b[39m=\u001b[32m\"ant-form-item-control-input-content\"\u001b[39m\n                    \u001b[36m>\u001b[39m\n                      \u001b[36m<input\u001b[39m\n                        \u001b[33mclass\u001b[39m=\u001b[32m\"ant-input css-dev-only-do-not-override-1v5z42l ant-input-outlined\"\u001b[39m\n                        \u001b[33mplaceholder\u001b[39m=\u001b[32m\"Task Name\"\u001b[39m\n                        \u001b[33mstyle\u001b[39m=\u001b[32m\"margin-bottom: 10px;\"\u001b[39m\n                        \u001b[33mtype\u001b[39m=\u001b[32m\"text\"\u001b[39m\n                        \u001b[33mvalue\u001b[39m=\u001b[32m\"\"\u001b[39m\n                      \u001b[36m/>\u001b[39m\n                      \u001b[36m<div\u001b[39m\n                        \u001b[33mclass\u001b[39m=\u001b[32m\"ant-input-number ant-input-number-in-form-item css-dev-only-do-not-override-1v5z42l ant-input-number-outlined\"\u001b[39m\n                        \u001b[33mstyle\u001b[39m=\u001b[32m\"margin-bottom: 10px; width: 100%;\"\u001b[39m\n                      \u001b[36m>\u001b[39m\n                        \u001b[36m<div\u001b[39m\n                          \u001b[33mclass\u001b[39m=\u001b[32m\"ant-input-number-handler-wrap\"\u001b[39m\n                        \u001b[36m>\u001b[39m\n                          \u001b[36m<span\u001b[39m\n                            \u001b[33maria-disabled\u001b[39m=\u001b[32m\"false\"\u001b[39m\n                            \u001b[33maria-label\u001b[39m=\u001b[32m\"Increase Value\"\u001b[39m\n                            \u001b[33mclass\u001b[39m=\u001b[32m\"ant-input-number-handler ant-input-number-handler-up\"\u001b[39m\n                            \u001b[33mrole\u001b[39m=\u001b[32m\"button\"\u001b[39m\n                            \u001b[33munselectable\u001b[39m=\u001b[32m\"on\"\u001b[39m\n                          \u001b[36m>\u001b[39m\n                            \u001b[36m<span\u001b[39m\n                              \u001b[33maria-label\u001b[39m=\u001b[32m\"up\"\u001b[39m\n                              \u001b[33mclass\u001b[39m=\u001b[32m\"anticon anticon-up ant-input-number-handler-up-inner\"\u001b[39m\n                              \u001b[33mrole\u001b[39m=\u001b[32m\"img\"\u001b[39m\n                            \u001b[36m>\u001b[39m\n                              \u001b[36m<svg\u001b[39m\n                                \u001b[33maria-hidden\u001b[39m=\u001b[32m\"true\"\u001b[39m\n                                \u001b[33mdata-icon\u001b[39m=\u001b[32m\"up\"\u001b[39m\n                                \u001b[33mfill\u001b[39m=\u001b[32m\"currentColor\"\u001b[39m\n                                \u001b[33mfocusable\u001b[39m=\u001b[32m\"false\"\u001b[39m\n                                \u001b[33mheight\u001b[39m=\u001b[32m\"1em\"\u001b[39m\n                                \u001b[33mviewBox\u001b[39m=\u001b[32m\"64 64 896 896\"\u001b[39m\n                                \u001b[33mwidth\u001b[39m=\u001b[32m\"1em\"\u001b[39m\n                              \u001b[36m>\u001b[39m\n                                \u001b[36m<path\u001b[39m\n                                  \u001b[33md\u001b[39m=\u001b[32m\"M890.5 755.3L537.9 269.2c-12.8-17.6-39-17.6-51.7 0L133.5 755.3A8 8 0 00140 768h75c5.1 0 9.9-2.5 12.9-6.6L512 369.8l284.1 391.6c3 4.1 7.8 6.6 12.9 6.6h75c6.5 0 10.3-7.4 6.5-12.7z\"\u001b[39m\n                                \u001b[36m/>\u001b[39m\n                              \u001b[36m</svg>\u001b[39m\n                            \u001b[36m</span>\u001b[39m\n                          \u001b[36m</span>\u001b[39m\n                          \u001b[36m<span\u001b[39m\n                            \u001b[33maria-disabled\u001b[39m=\u001b[32m\"false\"\u001b[39m\n                            \u001b[33maria-label\u001b[39m=\u001b[32m\"Decrease Value\"\u001b[39m\n                            \u001b[33mclass\u001b[39m=\u001b[32m\"ant-input-number-handler ant-input-number-handler-down\"\u001b[39m\n                            \u001b[33mrole\u001b[39m=\u001b[32m\"button\"\u001b[39m\n                            \u001b[33munselectable\u001b[39m=\u001b[32m\"on\"\u001b[39m\n                          \u001b[36m>\u001b[39m\n                            \u001b[36m<span\u001b[39m\n                              \u001b[33maria-label\u001b[39m=\u001b[32m\"down\"\u001b[39m\n                              \u001b[33mclass\u001b[39m=\u001b[32m\"anticon anticon-down ant-input-number-handler-down-inner\"\u001b[39m\n                              \u001b[33mrole\u001b[39m=\u001b[32m\"img\"\u001b[39m\n                            \u001b[36m>\u001b[39m\n                              \u001b[36m<svg\u001b[39m\n                                \u001b[33maria-hidden\u001b[39m=\u001b[32m\"true\"\u001b[39m\n                                \u001b[33mdata-icon\u001b[39m=\u001b[32m\"down\"\u001b[39m\n                                \u001b[33mfill\u001b[39m=\u001b[32m\"currentColor\"\u001b[39m\n                                \u001b[33mfocusable\u001b[39m=\u001b[32m\"false\"\u001b[39m\n                                \u001b[33mheight\u001b[39m=\u001b[32m\"1em\"\u001b[39m\n                                \u001b[33mviewBox\u001b[39m=\u001b[32m\"64 64 896 896\"\u001b[39m\n                                \u001b[33mwidth\u001b[39m=\u001b[32m\"1em\"\u001b[39m\n                              \u001b[36m>\u001b[39m\n                                \u001b[36m<path\u001b[39m\n                                  \u001b[33md\u001b[39m=\u001b[32m\"M884 256h-75c-5.1 0-9.9 2.5-12.9 6.6L512 654.2 227.9 262.6c-3-4.1-7.8-6.6-12.9-6.6h-75c-6.5 0-10.3 7.4-6.5 12.7l352.6 486.1c12.8 17.6 39 17.6 51.7 0l352.6-486.1c3.9-5.3.1-12.7-6.4-12.7z\"\u001b[39m\n                                \u001b[36m/>\u001b[39m\n                              \u001b[36m</svg>\u001b[39m\n                            \u001b[36m</span>\u001b[39m\n                          \u001b[36m</span>\u001b[39m\n                        \u001b[36m</div>\u001b[39m\n                        \u001b[36m<div\u001b[39m\n                          \u001b[33mclass\u001b[39m=\u001b[32m\"ant-input-number-input-wrap\"\u001b[39m\n                        \u001b[36m>\u001b[39m\n                          \u001b[36m<input\u001b[39m\n                            \u001b[33mautocomplete\u001b[39m=\u001b[32m\"off\"\u001b[39m\n                            \u001b[33mclass\u001b[39m=\u001b[32m\"ant-input-number-input\"\u001b[39m\n                            \u001b[33mplaceholder\u001b[39m=\u001b[32m\"Time Estimation (hours)\"\u001b[39m\n                            \u001b[33mrole\u001b[39m=\u001b[32m\"spinbutton\"\u001b[39m\n                            \u001b[33mstep\u001b[39m=\u001b[32m\"1\"\u001b[39m\n                            \u001b[33mvalue\u001b[39m=\u001b[32m\"\"\u001b[39m\n                          \u001b[36m/>\u001b[39m\n                        \u001b[36m</div>\u001b[39m\n                      \u001b[36m</div>\u001b[39m\n                      \u001b[36m<button\u001b[39m\n                        \u001b[33mclass\u001b[39m=\u001b[32m\"ant-btn css-dev-only-do-not-override-1v5z42l ant-btn-primary ant-btn-color-primary ant-btn-variant-solid\"\u001b[39m\n                        \u001b[33mtype\u001b[39m=\u001b[32m\"button\"\u001b[39m\n                      \u001b[36m>\u001b[39m\n                        \u001b[36m<span>\u001b[39m\n                          \u001b[0mAdd Task\u001b[0m\n                        \u001b[36m</span>\u001b[39m\n                      \u001b[36m</button>\u001b[39m\n                    \u001b[36m</div>\u001b[39m\n                  \u001b[36m</div>\u001b[39m\n                \u001b[36m</div>\u001b[39m\n              \u001b[36m</div>\u001b[39m\n            \u001b[36m</div>\u001b[39m\n            \u001b[36m<div\u001b[39m\n              \u001b[33mclass\u001b[39m=\u001b[32m\"ant-form-item css-dev-only-do-not-override-1v5z42l\"\u001b[39m\n            \u001b[36m>\u001b[39m\n              \u001b[36m<div\u001b[39m\n                \u001b[33mclass\u001b[39m=\u001b[32m\"ant-row ant-form-item-row css-dev-only-do-not-override-1v5z42l\"\u001b[39m\n              \u001b[36m>\u001b[39m\n                \u001b[36m<div\u001b[39m\n                  \u001b[33mclass\u001b[39m=\u001b[32m\"ant-col ant-form-item-label css-dev-only-do-not-override-1v5z42l\"\u001b[39m\n                \u001b[36m>\u001b[39m\n                  \u001b[36m<label\u001b[39m\n                    \u001b[33mclass\u001b[39m=\u001b[32m\"\"\u001b[39m\n                    \u001b[33mtitle\u001b[39m=\u001b[32m\"\"\u001b[39m\n                  \u001b[36m>\u001b[39m\n                    \u001b[36m<span\u001b[39m\n                      \u001b[33mclass\u001b[39m=\u001b[32m\"ant-typography css-dev-only-do-not-override-1v5z42l\"\u001b[39m\n                    \u001b[36m>\u001b[39m\n                      \u001b[36m<strong>\u001b[39m\n                        \u001b[0mTasks\u001b[0m\n                      \u001b[36m</strong>\u001b[39m\n                    \u001b[36m</span>\u001b[39m\n                  \u001b[36m</label>\u001b[39m\n                \u001b[36m</div>\u001b[39m\n                \u001b[36m<div\u001b[39m\n                  \u001b[33mclass\u001b[39m=\u001b[32m\"ant-col ant-form-item-control css-dev-only-do-not-override-1v5z42l\"\u001b[39m\n                \u001b[36m>\u001b[39m\n                  \u001b[36m<div\u001b[39m\n                    \u001b[33mclass\u001b[39m=\u001b[32m\"ant-form-item-control-input\"\u001b[39m\n                  \u001b[36m>\u001b[39m\n                    \u001b[36m<div\u001b[39m\n                      \u001b[33mclass\u001b[39m=\u001b[32m\"ant-form-item-control-input-content\"\u001b[39m\n                    \u001b[36m>\u001b[39m\n                      \u001b[36m<div\u001b[39m\n                        \u001b[33mclass\u001b[39m=\u001b[32m\"ant-list ant-list-split ant-list-bordered css-dev-only-do-not-override-1v5z42l\"\u001b[39m\n                      \u001b[36m>\u001b[39m\n                        \u001b[36m<div\u001b[39m\n                          \u001b[33mclass\u001b[39m=\u001b[32m\"ant-spin-nested-loading css-dev-only-do-not-override-1v5z42l\"\u001b[39m\n                        \u001b[36m>\u001b[39m\n                          \u001b[36m<div\u001b[39m\n                            \u001b[33mclass\u001b[39m=\u001b[32m\"ant-spin-container\"\u001b[39m\n                          \u001b[36m>\u001b[39m\n                            \u001b[36m<div\u001b[39m\n                              \u001b[33mclass\u001b[39m=\u001b[32m\"ant-list-empty-text\"\u001b[39m\n                            \u001b[36m>\u001b[39m\n                              \u001b[36m<div\u001b[39m\n                                \u001b[33mclass\u001b[39m=\u001b[32m\"css-dev-only-do-not-override-1v5z42l ant-empty ant-empty-normal\"\u001b[39m\n                              \u001b[36m>\u001b[39m\n                                \u001b[36m<div\u001b[39m\n                                  \u001b[33mclass\u001b[39m=\u001b[32m\"ant-empty-image\"\u001b[39m\n                                \u001b[36m>\u001b[39m\n                                  \u001b[36m<svg\u001b[39m\n                                    \u001b[33mheight\u001b[39m=\u001b[32m\"41\"\u001b[39m\n                                    \u001b[33mviewBox\u001b[39m=\u001b[32m\"0 0 64 41\"\u001b[39m\n                                    \u001b[33mwidth\u001b[39m=\u001b[32m\"64\"\u001b[39m\n                                    \u001b[33mxmlns\u001b[39m=\u001b[32m\"http://www.w3.org/2000/svg\"\u001b[39m\n                                  \u001b[36m>\u001b[39m\n                                    \u001b[36m<title>\u001b[39m\n                                      \u001b[0mNo data\u001b[0m\n                                    \u001b[36m</title>\u001b[39m\n                                    \u001b[36m<g\u001b[39m\n                                      \u001b[33mfill\u001b[39m=\u001b[32m\"none\"\u001b[39m\n                                      \u001b[33mfill-rule\u001b[39m=\u001b[32m\"evenodd\"\u001b[39m\n                                      \u001b[33mtransform\u001b[39m=\u001b[32m\"translate(0 1)\"\u001b[39m\n                                    \u001b[36m>\u001b[39m\n                                      \u001b[36m<ellipse\u001b[39m\n                                        \u001b[33mcx\u001b[39m=\u001b[32m\"32\"\u001b[39m\n                                        \u001b[33mcy\u001b[39m=\u001b[32m\"33\"\u001b[39m\n                                        \u001b[33mfill\u001b[39m=\u001b[32m\"#f5f5f5\"\u001b[39m\n                                        \u001b[33mrx\u001b[39m=\u001b[32m\"32\"\u001b[39m\n                                        \u001b[33mry\u001b[39m=\u001b[32m\"7\"\u001b[39m\n                                      \u001b[36m/>\u001b[39m\n                                      \u001b[36m<g\u001b[39m\n                                        \u001b[33mfill-rule\u001b[39m=\u001b[32m\"nonzero\"\u001b[39m\n                                        \u001b[33mstroke\u001b[39m=\u001b[32m\"#d9d9d9\"\u001b[39m\n                                      \u001b[36m>\u001b[39m\n                                        \u001b[36m<path\u001b[39m\n                                          \u001b[33md\u001b[39m=\u001b[32m\"M55 12.76L44.854 1.258C44.367.474 43.656 0 42.907 0H21.093c-.749 0-1.46.474-1.947 1.257L9 12.761V22h46v-9.24z\"\u001b[39m\n                                        \u001b[36m/>\u001b[39m\n                                        \u001b[36m<path\u001b[39m\n                                          \u001b[33md\u001b[39m=\u001b[32m\"M41.613 15.931c0-1.605.994-2.93 2.227-2.931H55v18.137C55 33.26 53.68 35 52.05 35h-40.1C10.32 35 9 33.259 9 31.137V13h11.16c1.233 0 2.227 1.323 2.227 2.928v.022c0 1.605 1.005 2.901 2.237 2.901h14.752c1.232 0 2.237-1.308 2.237-2.913v-.007z\"\u001b[39m\n                                          \u001b[33mfill\u001b[39m=\u001b[32m\"#fafafa\"\u001b[39m\n                                        \u001b[36m/>\u001b[39m\n                                      \u001b[36m</g>\u001b[39m\n                                    \u001b[36m</g>\u001b[39m\n                                  \u001b[36m</svg>\u001b[39m\n                                \u001b[36m</div>\u001b[39m\n                                \u001b[36m<div\u001b[39m\n                                  \u001b[33mclass\u001b[39m=\u001b[32m\"ant-empty-description\"\u001b[39m\n                                \u001b[36m>\u001b[39m\n                                  \u001b[0mNo data\u001b[0m\n                                \u001b[36m</div>\u001b[39m\n                              \u001b[36m</div>\u001b[39m\n                            \u001b[36m</div>\u001b[39m\n                          \u001b[36m</div>\u001b[39m\n                        \u001b[36m</div>\u001b[39m\n                      \u001b[36m</div>\u001b[39m\n                    \u001b[36m</div>\u001b[39m\n                  \u001b[36m</div>\u001b[39m\n                \u001b[36m</div>\u001b[39m\n              \u001b[36m</div>\u001b[39m\n            \u001b[36m</div>\u001b[39m\n            \u001b[36m<div\u001b[39m\n              \u001b[33mclass\u001b[39m=\u001b[32m\"ant-form-item css-dev-only-do-not-override-1v5z42l\"\u001b[39m\n            \u001b[36m>\u001b[39m\n              \u001b[36m<div\u001b[39m\n                \u001b[33mclass\u001b[39m=\u001b[32m\"ant-row ant-form-item-row css-dev-only-do-not-override-1v5z42l\"\u001b[39m\n              \u001b[36m>\u001b[39m\n                \u001b[36m<div\u001b[39m\n                  \u001b[33mclass\u001b[39m=\u001b[32m\"ant-col ant-form-item-control css-dev-only-do-not-override-1v5z42l\"\u001b[39m\n                \u001b[36m>\u001b[39m\n                  \u001b[36m<div\u001b[39m\n                    \u001b[33mclass\u001b[39m=\u001b[32m\"ant-form-item-control-input\"\u001b[39m\n                  \u001b[36m>\u001b[39m\n                    \u001b[36m<div\u001b[39m\n                      \u001b[33mclass\u001b[39m=\u001b[32m\"ant-form-item-control-input-content\"\u001b[39m\n                    \u001b[36m>\u001b[39m\n                      \u001b[36m<button\u001b[39m\n                        \u001b[33mclass\u001b[39m=\u001b[32m\"ant-btn css-dev-only-do-not-override-1v5z42l ant-btn-primary ant-btn-color-primary ant-btn-variant-solid\"\u001b[39m\n                        \u001b[33mdisabled\u001b[39m=\u001b[32m\"\"\u001b[39m\n                        \u001b[33mtype\u001b[39m=\u001b[32m\"button\"\u001b[39m\n                      \u001b[36m>\u001b[39m\n                        \u001b[36m<span>\u001b[39m\n                          \u001b[0mCreate Template\u001b[0m\n                        \u001b[36m</span>\u001b[39m\n                      \u001b[36m</button>\u001b[39m\n                    \u001b[36m</div>\u001b[39m\n                  \u001b[36m</div>\u001b[39m\n                \u001b[36m</div>\u001b[39m\n              \u001b[36m</div>\u001b[39m\n            \u001b[36m</div>\u001b[39m\n          \u001b[36m</form>\u001b[39m\n        \u001b[36m</div>\u001b[39m\n      \u001b[36m</div>\u001b[39m\n    \u001b[36m</body>\u001b[39m\n\u001b[2m\u001b[22m\n\u001b[2m    \u001b[0m \u001b[90m 17 |\u001b[39m     )\u001b[33m;\u001b[39m\u001b[22m\n\u001b[2m     \u001b[90m 18 |\u001b[39m\u001b[22m\n\u001b[2m    \u001b[31m\u001b[1m>\u001b[22m\u001b[2m\u001b[39m\u001b[90m 19 |\u001b[39m     expect(screen\u001b[33m.\u001b[39mgetByText(\u001b[32m'Create Template'\u001b[39m))\u001b[33m.\u001b[39mtoBeInTheDocument()\u001b[33m;\u001b[39m\u001b[22m\n\u001b[2m     \u001b[90m    |\u001b[39m                   \u001b[31m\u001b[1m^\u001b[22m\u001b[2m\u001b[39m\u001b[22m\n\u001b[2m     \u001b[90m 20 |\u001b[39m   })\u001b[33m;\u001b[39m\u001b[22m\n\u001b[2m     \u001b[90m 21 |\u001b[39m })\u001b[33m;\u001b[39m\u001b[0m\u001b[22m\n\u001b[2m\u001b[22m\n\u001b[2m      \u001b[2mat Object.getElementError (\u001b[22m\u001b[2mnode_modules/@testing-library/dom/dist/config.js\u001b[2m:37:19)\u001b[22m\u001b[2m\u001b[22m\n\u001b[2m      \u001b[2mat getElementError (\u001b[22m\u001b[2mnode_modules/@testing-library/dom/dist/query-helpers.js\u001b[2m:20:35)\u001b[22m\u001b[2m\u001b[22m\n\u001b[2m      \u001b[2mat getMultipleElementsFoundError (\u001b[22m\u001b[2mnode_modules/@testing-library/dom/dist/query-helpers.js\u001b[2m:23:10)\u001b[22m\u001b[2m\u001b[22m\n\u001b[2m      \u001b[2mat \u001b[22m\u001b[2mnode_modules/@testing-library/dom/dist/query-helpers.js\u001b[2m:55:13\u001b[22m\u001b[2m\u001b[22m\n\u001b[2m      \u001b[2mat \u001b[22m\u001b[2mnode_modules/@testing-library/dom/dist/query-helpers.js\u001b[2m:95:19\u001b[22m\u001b[2m\u001b[22m\n\u001b[2m      \u001b[2mat Object.<anonymous> (\u001b[22m\u001b[2m\u001b[0m\u001b[36msrc/Testing/components/CreateTemplate.test.tsx\u001b[39m\u001b[0m\u001b[2m:19:19)\u001b[22m\u001b[2m\u001b[22m\n","name":"C:\\Users\\Cara PC\\fujitsu-growth\\FujitsuPlanner\\src\\Testing\\components\\CreateTemplate.test.tsx","startTime":1745577805592,"status":"failed","summary":""}],"wasInterrupted":false}
